<?xml version="1.0" encoding="UTF-8"?>
<!-- Generated by org.testng.reporters.JUnitReportReporter -->
<testsuite hostname="HOLBMAC0323" name="com.Etsy.ETSYTest.tests.TestBrowse" tests="1" failures="0" timestamp="2 Nov 2017 19:44:41 GMT" time="0.011" errors="0">
  <testcase name="browse" time="0.011" classname="com.Etsy.ETSYTest.tests.TestBrowse"/>
</testsuite> <!-- com.Etsy.ETSYTest.tests.TestBrowse -->
